<?xml version="1.0" encoding="UTF-8"?>
<testng-results skipped="0" failed="0" ignored="0" total="93" passed="93">
  <reporter-output>
  </reporter-output>
  <suite name="Command line suite" duration-ms="2577" started-at="2019-11-13T10:23:38Z" finished-at="2019-11-13T10:23:40Z">
    <groups>
    </groups>
    <test name="Command line test" duration-ms="2577" started-at="2019-11-13T10:23:38Z" finished-at="2019-11-13T10:23:40Z">
      <class name="com.github.lindenb.jvarkit.samtools.reference.TwoBitSequenceFileTest">
        <test-method status="PASS" signature="test01()[pri:0, instance:com.github.lindenb.jvarkit.samtools.reference.TwoBitSequenceFileTest@17d99928]" name="test01" duration-ms="12" started-at="2019-11-13T10:23:39Z" finished-at="2019-11-13T10:23:39Z">
          <reporter-output>
          </reporter-output>
        </test-method> <!-- test01 -->
      </class> <!-- com.github.lindenb.jvarkit.samtools.reference.TwoBitSequenceFileTest -->
      <class name="com.github.lindenb.jvarkit.tools.vcftrios.DeNovoDetectorTest">
        <test-method status="PASS" signature="test01()[pri:0, instance:com.github.lindenb.jvarkit.tools.vcftrios.DeNovoDetectorTest@2aafb23c]" name="test01" duration-ms="8" started-at="2019-11-13T10:23:40Z" finished-at="2019-11-13T10:23:40Z">
          <reporter-output>
          </reporter-output>
        </test-method> <!-- test01 -->
        <test-method status="PASS" signature="test02()[pri:0, instance:com.github.lindenb.jvarkit.tools.vcftrios.DeNovoDetectorTest@2aafb23c]" name="test02" duration-ms="1" started-at="2019-11-13T10:23:40Z" finished-at="2019-11-13T10:23:40Z">
          <reporter-output>
          </reporter-output>
        </test-method> <!-- test02 -->
        <test-method status="PASS" signature="test03()[pri:0, instance:com.github.lindenb.jvarkit.tools.vcftrios.DeNovoDetectorTest@2aafb23c]" name="test03" duration-ms="0" started-at="2019-11-13T10:23:40Z" finished-at="2019-11-13T10:23:40Z">
          <reporter-output>
          </reporter-output>
        </test-method> <!-- test03 -->
        <test-method status="PASS" signature="test04()[pri:0, instance:com.github.lindenb.jvarkit.tools.vcftrios.DeNovoDetectorTest@2aafb23c]" name="test04" duration-ms="0" started-at="2019-11-13T10:23:40Z" finished-at="2019-11-13T10:23:40Z">
          <reporter-output>
          </reporter-output>
        </test-method> <!-- test04 -->
        <test-method status="PASS" signature="test05()[pri:0, instance:com.github.lindenb.jvarkit.tools.vcftrios.DeNovoDetectorTest@2aafb23c]" name="test05" duration-ms="1" started-at="2019-11-13T10:23:40Z" finished-at="2019-11-13T10:23:40Z">
          <reporter-output>
          </reporter-output>
        </test-method> <!-- test05 -->
      </class> <!-- com.github.lindenb.jvarkit.tools.vcftrios.DeNovoDetectorTest -->
      <class name="com.github.lindenb.jvarkit.util.iterator.LineIteratorTest">
        <test-method status="PASS" signature="testArray()[pri:0, instance:com.github.lindenb.jvarkit.util.iterator.LineIteratorTest@7006c658]" name="testArray" duration-ms="1" started-at="2019-11-13T10:23:40Z" finished-at="2019-11-13T10:23:40Z">
          <reporter-output>
          </reporter-output>
        </test-method> <!-- testArray -->
        <test-method status="PASS" signature="testList()[pri:0, instance:com.github.lindenb.jvarkit.util.iterator.LineIteratorTest@7006c658]" name="testList" duration-ms="0" started-at="2019-11-13T10:23:40Z" finished-at="2019-11-13T10:23:40Z">
          <reporter-output>
          </reporter-output>
        </test-method> <!-- testList -->
        <test-method status="PASS" signature="testReader()[pri:0, instance:com.github.lindenb.jvarkit.util.iterator.LineIteratorTest@7006c658]" name="testReader" duration-ms="1" started-at="2019-11-13T10:23:40Z" finished-at="2019-11-13T10:23:40Z">
          <reporter-output>
          </reporter-output>
        </test-method> <!-- testReader -->
      </class> <!-- com.github.lindenb.jvarkit.util.iterator.LineIteratorTest -->
      <class name="com.github.lindenb.jvarkit.samtools.util.SimpleIntervalTest">
        <test-method status="PASS" signature="test01()[pri:0, instance:com.github.lindenb.jvarkit.samtools.util.SimpleIntervalTest@33a10788]" name="test01" duration-ms="1" started-at="2019-11-13T10:23:40Z" finished-at="2019-11-13T10:23:40Z">
          <reporter-output>
          </reporter-output>
        </test-method> <!-- test01 -->
      </class> <!-- com.github.lindenb.jvarkit.samtools.util.SimpleIntervalTest -->
      <class name="com.github.lindenb.jvarkit.util.bio.samfilter.SamRecordFilterFactoryTest">
        <test-method status="PASS" signature="testFilters()[pri:0, instance:com.github.lindenb.jvarkit.util.bio.samfilter.SamRecordFilterFactoryTest@3aa9e816]" name="testFilters" duration-ms="35" started-at="2019-11-13T10:23:39Z" finished-at="2019-11-13T10:23:39Z">
          <reporter-output>
          </reporter-output>
        </test-method> <!-- testFilters -->
      </class> <!-- com.github.lindenb.jvarkit.util.bio.samfilter.SamRecordFilterFactoryTest -->
      <class name="com.github.lindenb.jvarkit.util.iterator.FilterIteratorTest">
        <test-method status="PASS" signature="test1()[pri:0, instance:com.github.lindenb.jvarkit.util.iterator.FilterIteratorTest@7bb11784]" name="test1" duration-ms="2" started-at="2019-11-13T10:23:40Z" finished-at="2019-11-13T10:23:40Z">
          <reporter-output>
          </reporter-output>
        </test-method> <!-- test1 -->
      </class> <!-- com.github.lindenb.jvarkit.util.iterator.FilterIteratorTest -->
      <class name="com.github.lindenb.jvarkit.util.CounterTest">
        <test-method status="PASS" signature="testWithInt()[pri:0, instance:com.github.lindenb.jvarkit.util.CounterTest@2eee9593]" name="testWithInt" duration-ms="2" started-at="2019-11-13T10:23:40Z" finished-at="2019-11-13T10:23:40Z">
          <reporter-output>
          </reporter-output>
        </test-method> <!-- testWithInt -->
      </class> <!-- com.github.lindenb.jvarkit.util.CounterTest -->
      <class name="com.github.lindenb.jvarkit.util.samtools.ContigDictComparatorTest">
        <test-method status="PASS" signature="test(java.lang.String)[pri:0, instance:com.github.lindenb.jvarkit.util.samtools.ContigDictComparatorTest@445b84c0]" name="test" duration-ms="7" started-at="2019-11-13T10:23:39Z" data-provider="src1" finished-at="2019-11-13T10:23:39Z">
          <params>
            <param index="0">
              <value>
                <![CDATA[./src/test/resources/rotavirus_rf.dict]]>
              </value>
            </param>
          </params>
          <reporter-output>
          </reporter-output>
        </test-method> <!-- test -->
        <test-method status="PASS" signature="test(java.lang.String)[pri:0, instance:com.github.lindenb.jvarkit.util.samtools.ContigDictComparatorTest@445b84c0]" name="test" duration-ms="3" started-at="2019-11-13T10:23:39Z" data-provider="src1" finished-at="2019-11-13T10:23:39Z">
          <params>
            <param index="0">
              <value>
                <![CDATA[./src/test/resources/toy.dict]]>
              </value>
            </param>
          </params>
          <reporter-output>
          </reporter-output>
        </test-method> <!-- test -->
        <test-method status="PASS" signature="test(java.lang.String)[pri:0, instance:com.github.lindenb.jvarkit.util.samtools.ContigDictComparatorTest@445b84c0]" name="test" duration-ms="5" started-at="2019-11-13T10:23:39Z" data-provider="src1" finished-at="2019-11-13T10:23:39Z">
          <params>
            <param index="0">
              <value>
                <![CDATA[./src/test/resources/human_b37.dict]]>
              </value>
            </param>
          </params>
          <reporter-output>
          </reporter-output>
        </test-method> <!-- test -->
      </class> <!-- com.github.lindenb.jvarkit.util.samtools.ContigDictComparatorTest -->
      <class name="com.github.lindenb.jvarkit.util.bio.SequenceDictionaryUtilsTest">
        <test-method status="PASS" signature="testIsGRCh37()[pri:0, instance:com.github.lindenb.jvarkit.util.bio.SequenceDictionaryUtilsTest@3834d63f]" name="testIsGRCh37" duration-ms="10" started-at="2019-11-13T10:23:40Z" finished-at="2019-11-13T10:23:40Z">
          <reporter-output>
          </reporter-output>
        </test-method> <!-- testIsGRCh37 -->
        <test-method status="PASS" signature="testIsHuman()[pri:0, instance:com.github.lindenb.jvarkit.util.bio.SequenceDictionaryUtilsTest@3834d63f]" name="testIsHuman" duration-ms="5" started-at="2019-11-13T10:23:40Z" finished-at="2019-11-13T10:23:40Z">
          <reporter-output>
          </reporter-output>
        </test-method> <!-- testIsHuman -->
      </class> <!-- com.github.lindenb.jvarkit.util.bio.SequenceDictionaryUtilsTest -->
      <class name="com.github.lindenb.jvarkit.lang.CharSplitterTest">
        <test-method status="PASS" signature="testCharSequenceIterator()[pri:0, instance:com.github.lindenb.jvarkit.lang.CharSplitterTest@61443d8f]" name="testCharSequenceIterator" duration-ms="2" started-at="2019-11-13T10:23:39Z" finished-at="2019-11-13T10:23:39Z">
          <reporter-output>
          </reporter-output>
        </test-method> <!-- testCharSequenceIterator -->
        <test-method status="PASS" signature="testSequenceList01()[pri:0, instance:com.github.lindenb.jvarkit.lang.CharSplitterTest@61443d8f]" name="testSequenceList01" duration-ms="0" started-at="2019-11-13T10:23:39Z" finished-at="2019-11-13T10:23:39Z">
          <reporter-output>
          </reporter-output>
        </test-method> <!-- testSequenceList01 -->
        <test-method status="PASS" signature="testSequenceList02()[pri:0, instance:com.github.lindenb.jvarkit.lang.CharSplitterTest@61443d8f]" name="testSequenceList02" duration-ms="0" started-at="2019-11-13T10:23:39Z" finished-at="2019-11-13T10:23:39Z">
          <reporter-output>
          </reporter-output>
        </test-method> <!-- testSequenceList02 -->
        <test-method status="PASS" signature="testCount()[pri:0, instance:com.github.lindenb.jvarkit.lang.CharSplitterTest@61443d8f]" name="testCount" duration-ms="0" started-at="2019-11-13T10:23:39Z" finished-at="2019-11-13T10:23:39Z">
          <reporter-output>
          </reporter-output>
        </test-method> <!-- testCount -->
        <test-method status="PASS" signature="testSequenceList03()[pri:0, instance:com.github.lindenb.jvarkit.lang.CharSplitterTest@61443d8f]" name="testSequenceList03" duration-ms="0" started-at="2019-11-13T10:23:39Z" finished-at="2019-11-13T10:23:39Z">
          <reporter-output>
          </reporter-output>
        </test-method> <!-- testSequenceList03 -->
        <test-method status="PASS" signature="testStringArray02()[pri:0, instance:com.github.lindenb.jvarkit.lang.CharSplitterTest@61443d8f]" name="testStringArray02" duration-ms="0" started-at="2019-11-13T10:23:39Z" finished-at="2019-11-13T10:23:39Z">
          <reporter-output>
          </reporter-output>
        </test-method> <!-- testStringArray02 -->
        <test-method status="PASS" signature="testStringArray01()[pri:0, instance:com.github.lindenb.jvarkit.lang.CharSplitterTest@61443d8f]" name="testStringArray01" duration-ms="0" started-at="2019-11-13T10:23:39Z" finished-at="2019-11-13T10:23:39Z">
          <reporter-output>
          </reporter-output>
        </test-method> <!-- testStringArray01 -->
        <test-method status="PASS" signature="testStringArray03()[pri:0, instance:com.github.lindenb.jvarkit.lang.CharSplitterTest@61443d8f]" name="testStringArray03" duration-ms="0" started-at="2019-11-13T10:23:39Z" finished-at="2019-11-13T10:23:39Z">
          <reporter-output>
          </reporter-output>
        </test-method> <!-- testStringArray03 -->
        <test-method status="PASS" signature="testStringIterator()[pri:0, instance:com.github.lindenb.jvarkit.lang.CharSplitterTest@61443d8f]" name="testStringIterator" duration-ms="0" started-at="2019-11-13T10:23:39Z" finished-at="2019-11-13T10:23:39Z">
          <reporter-output>
          </reporter-output>
        </test-method> <!-- testStringIterator -->
        <test-method status="PASS" signature="testStringList01()[pri:0, instance:com.github.lindenb.jvarkit.lang.CharSplitterTest@61443d8f]" name="testStringList01" duration-ms="0" started-at="2019-11-13T10:23:39Z" finished-at="2019-11-13T10:23:39Z">
          <reporter-output>
          </reporter-output>
        </test-method> <!-- testStringList01 -->
        <test-method status="PASS" signature="testStringStream()[pri:0, instance:com.github.lindenb.jvarkit.lang.CharSplitterTest@61443d8f]" name="testStringStream" duration-ms="0" started-at="2019-11-13T10:23:39Z" finished-at="2019-11-13T10:23:39Z">
          <reporter-output>
          </reporter-output>
        </test-method> <!-- testStringStream -->
        <test-method status="PASS" signature="testStringList03()[pri:0, instance:com.github.lindenb.jvarkit.lang.CharSplitterTest@61443d8f]" name="testStringList03" duration-ms="0" started-at="2019-11-13T10:23:39Z" finished-at="2019-11-13T10:23:39Z">
          <reporter-output>
          </reporter-output>
        </test-method> <!-- testStringList03 -->
        <test-method status="PASS" signature="testStringList02()[pri:0, instance:com.github.lindenb.jvarkit.lang.CharSplitterTest@61443d8f]" name="testStringList02" duration-ms="0" started-at="2019-11-13T10:23:39Z" finished-at="2019-11-13T10:23:39Z">
          <reporter-output>
          </reporter-output>
        </test-method> <!-- testStringList02 -->
      </class> <!-- com.github.lindenb.jvarkit.lang.CharSplitterTest -->
      <class name="com.github.lindenb.jvarkit.util.iterator.MergingIteratorTest">
        <test-method status="PASS" signature="test1()[pri:0, instance:com.github.lindenb.jvarkit.util.iterator.MergingIteratorTest@66048bfd]" name="test1" duration-ms="6" started-at="2019-11-13T10:23:39Z" finished-at="2019-11-13T10:23:39Z">
          <reporter-output>
          </reporter-output>
        </test-method> <!-- test1 -->
        <test-method status="PASS" signature="test2()[pri:0, instance:com.github.lindenb.jvarkit.util.iterator.MergingIteratorTest@66048bfd]" name="test2" duration-ms="0" started-at="2019-11-13T10:23:39Z" finished-at="2019-11-13T10:23:39Z">
          <exception class="java.lang.IllegalStateException">
            <message>
              <![CDATA[Data are not ordered... got 2 after 4 comparator(curr,previous) returns: -1]]>
            </message>
            <full-stacktrace>
              <![CDATA[java.lang.IllegalStateException: Data are not ordered... got 2 after 4 comparator(curr,previous) returns: -1
at com.github.lindenb.jvarkit.util.iterator.MergingIterator.advance(MergingIterator.java:84)
at htsjdk.samtools.util.AbstractIterator.next(AbstractIterator.java:57)
at com.github.lindenb.jvarkit.util.iterator.MergingIteratorTest.test2(MergingIteratorTest.java:49)
at sun.reflect.NativeMethodAccessorImpl.invoke0(Native Method)
at sun.reflect.NativeMethodAccessorImpl.invoke(NativeMethodAccessorImpl.java:62)
at sun.reflect.DelegatingMethodAccessorImpl.invoke(DelegatingMethodAccessorImpl.java:43)
at java.lang.reflect.Method.invoke(Method.java:498)
at org.testng.internal.MethodInvocationHelper.invokeMethod(MethodInvocationHelper.java:124)
at org.testng.internal.Invoker.invokeMethod(Invoker.java:583)
at org.testng.internal.Invoker.invokeTestMethod(Invoker.java:719)
at org.testng.internal.Invoker.invokeTestMethods(Invoker.java:989)
at org.testng.internal.TestMethodWorker.invokeTestMethods(TestMethodWorker.java:125)
at org.testng.internal.TestMethodWorker.run(TestMethodWorker.java:109)
at org.testng.TestRunner.privateRun(TestRunner.java:648)
at org.testng.TestRunner.run(TestRunner.java:505)
at org.testng.SuiteRunner.runTest(SuiteRunner.java:455)
at org.testng.SuiteRunner.runSequentially(SuiteRunner.java:450)
at org.testng.SuiteRunner.privateRun(SuiteRunner.java:415)
at org.testng.SuiteRunner.run(SuiteRunner.java:364)
at org.testng.SuiteRunnerWorker.runSuite(SuiteRunnerWorker.java:52)
at org.testng.SuiteRunnerWorker.run(SuiteRunnerWorker.java:84)
at org.testng.TestNG.runSuitesSequentially(TestNG.java:1208)
at org.testng.TestNG.runSuitesLocally(TestNG.java:1137)
at org.testng.TestNG.runSuites(TestNG.java:1049)
at org.testng.TestNG.run(TestNG.java:1017)
at com.github.lindenb.jvarkit.tools.tests.MiniTestNG.doWork(MiniTestNG.java:76)
at com.github.lindenb.jvarkit.tools.tests.MiniTestNG.main(MiniTestNG.java:86)
]]>
            </full-stacktrace>
          </exception> <!-- java.lang.IllegalStateException -->
          <reporter-output>
          </reporter-output>
        </test-method> <!-- test2 -->
        <test-method status="PASS" signature="test3()[pri:0, instance:com.github.lindenb.jvarkit.util.iterator.MergingIteratorTest@66048bfd]" name="test3" duration-ms="0" started-at="2019-11-13T10:23:39Z" finished-at="2019-11-13T10:23:39Z">
          <reporter-output>
          </reporter-output>
        </test-method> <!-- test3 -->
      </class> <!-- com.github.lindenb.jvarkit.util.iterator.MergingIteratorTest -->
      <class name="com.github.lindenb.jvarkit.samtools.util.IntervalParserFactoryTest">
        <test-method status="PASS" signature="wholeContig()[pri:0, instance:com.github.lindenb.jvarkit.samtools.util.IntervalParserFactoryTest@2fc14f68]" name="wholeContig" duration-ms="29" started-at="2019-11-13T10:23:38Z" finished-at="2019-11-13T10:23:38Z">
          <reporter-output>
          </reporter-output>
        </test-method> <!-- wholeContig -->
        <test-method status="PASS" signature="withComma()[pri:0, instance:com.github.lindenb.jvarkit.samtools.util.IntervalParserFactoryTest@2fc14f68]" name="withComma" duration-ms="3" started-at="2019-11-13T10:23:38Z" finished-at="2019-11-13T10:23:38Z">
          <reporter-output>
          </reporter-output>
        </test-method> <!-- withComma -->
        <test-method status="PASS" signature="withDict()[pri:0, instance:com.github.lindenb.jvarkit.samtools.util.IntervalParserFactoryTest@2fc14f68]" name="withDict" duration-ms="2" started-at="2019-11-13T10:23:38Z" finished-at="2019-11-13T10:23:38Z">
          <reporter-output>
          </reporter-output>
        </test-method> <!-- withDict -->
        <test-method status="PASS" signature="withoutDict()[pri:0, instance:com.github.lindenb.jvarkit.samtools.util.IntervalParserFactoryTest@2fc14f68]" name="withoutDict" duration-ms="0" started-at="2019-11-13T10:23:38Z" finished-at="2019-11-13T10:23:38Z">
          <reporter-output>
          </reporter-output>
        </test-method> <!-- withoutDict -->
      </class> <!-- com.github.lindenb.jvarkit.samtools.util.IntervalParserFactoryTest -->
      <class name="com.github.lindenb.jvarkit.lang.StringUtilsTest">
        <test-method status="PASS" signature="test()[pri:0, instance:com.github.lindenb.jvarkit.lang.StringUtilsTest@63d4e2ba]" name="test" duration-ms="2" started-at="2019-11-13T10:23:40Z" finished-at="2019-11-13T10:23:40Z">
          <reporter-output>
          </reporter-output>
        </test-method> <!-- test -->
      </class> <!-- com.github.lindenb.jvarkit.lang.StringUtilsTest -->
      <class name="com.github.lindenb.jvarkit.lang.AbstractCharSequenceTest">
        <test-method status="PASS" signature="testCharSeq()[pri:0, instance:com.github.lindenb.jvarkit.lang.AbstractCharSequenceTest@2b80d80f]" name="testCharSeq" duration-ms="0" started-at="2019-11-13T10:23:40Z" finished-at="2019-11-13T10:23:40Z">
          <reporter-output>
          </reporter-output>
        </test-method> <!-- testCharSeq -->
      </class> <!-- com.github.lindenb.jvarkit.lang.AbstractCharSequenceTest -->
      <class name="com.github.lindenb.jvarkit.util.vcf.AFExtractorFactoryTest">
        <test-method status="PASS" signature="test01(java.lang.String, int, int)[pri:0, instance:com.github.lindenb.jvarkit.util.vcf.AFExtractorFactoryTest@34033bd0]" name="test01" duration-ms="8" started-at="2019-11-13T10:23:38Z" data-provider="data01" finished-at="2019-11-13T10:23:38Z">
          <params>
            <param index="0">
              <value>
                <![CDATA[AC/AN]]>
              </value>
            </param>
            <param index="1">
              <value>
                <![CDATA[1]]>
              </value>
            </param>
            <param index="2">
              <value>
                <![CDATA[1]]>
              </value>
            </param>
          </params>
          <reporter-output>
          </reporter-output>
        </test-method> <!-- test01 -->
        <test-method status="PASS" signature="test01(java.lang.String, int, int)[pri:0, instance:com.github.lindenb.jvarkit.util.vcf.AFExtractorFactoryTest@34033bd0]" name="test01" duration-ms="1" started-at="2019-11-13T10:23:38Z" data-provider="data01" finished-at="2019-11-13T10:23:38Z">
          <params>
            <param index="0">
              <value>
                <![CDATA[AF]]>
              </value>
            </param>
            <param index="1">
              <value>
                <![CDATA[1]]>
              </value>
            </param>
            <param index="2">
              <value>
                <![CDATA[1]]>
              </value>
            </param>
          </params>
          <reporter-output>
          </reporter-output>
        </test-method> <!-- test01 -->
        <test-method status="PASS" signature="test01(java.lang.String, int, int)[pri:0, instance:com.github.lindenb.jvarkit.util.vcf.AFExtractorFactoryTest@34033bd0]" name="test01" duration-ms="0" started-at="2019-11-13T10:23:38Z" data-provider="data01" finished-at="2019-11-13T10:23:38Z">
          <params>
            <param index="0">
              <value>
                <![CDATA[x_*]]>
              </value>
            </param>
            <param index="1">
              <value>
                <![CDATA[1]]>
              </value>
            </param>
            <param index="2">
              <value>
                <![CDATA[0]]>
              </value>
            </param>
          </params>
          <reporter-output>
          </reporter-output>
        </test-method> <!-- test01 -->
        <test-method status="PASS" signature="test01(java.lang.String, int, int)[pri:0, instance:com.github.lindenb.jvarkit.util.vcf.AFExtractorFactoryTest@34033bd0]" name="test01" duration-ms="0" started-at="2019-11-13T10:23:38Z" data-provider="data01" finished-at="2019-11-13T10:23:38Z">
          <params>
            <param index="0">
              <value>
                <![CDATA[;,,,;]]>
              </value>
            </param>
            <param index="1">
              <value>
                <![CDATA[0]]>
              </value>
            </param>
            <param index="2">
              <value>
                <![CDATA[0]]>
              </value>
            </param>
          </params>
          <reporter-output>
          </reporter-output>
        </test-method> <!-- test01 -->
        <test-method status="PASS" signature="test01(java.lang.String, int, int)[pri:0, instance:com.github.lindenb.jvarkit.util.vcf.AFExtractorFactoryTest@34033bd0]" name="test01" duration-ms="0" started-at="2019-11-13T10:23:38Z" data-provider="data01" finished-at="2019-11-13T10:23:38Z">
          <params>
            <param index="0">
              <value>
                <![CDATA[]]>
              </value>
            </param>
            <param index="1">
              <value>
                <![CDATA[0]]>
              </value>
            </param>
            <param index="2">
              <value>
                <![CDATA[0]]>
              </value>
            </param>
          </params>
          <reporter-output>
          </reporter-output>
        </test-method> <!-- test01 -->
        <test-method status="PASS" signature="test01(java.lang.String, int, int)[pri:0, instance:com.github.lindenb.jvarkit.util.vcf.AFExtractorFactoryTest@34033bd0]" name="test01" duration-ms="0" started-at="2019-11-13T10:23:38Z" data-provider="data01" finished-at="2019-11-13T10:23:38Z">
          <params>
            <param index="0">
              <value>
                <![CDATA[x_*;,,AC/AN;;AF,,,,]]>
              </value>
            </param>
            <param index="1">
              <value>
                <![CDATA[3]]>
              </value>
            </param>
            <param index="2">
              <value>
                <![CDATA[2]]>
              </value>
            </param>
          </params>
          <reporter-output>
          </reporter-output>
        </test-method> <!-- test01 -->
        <test-method status="PASS" signature="testValid(java.lang.String, int, int)[pri:0, instance:com.github.lindenb.jvarkit.util.vcf.AFExtractorFactoryTest@34033bd0]" name="testValid" duration-ms="101" started-at="2019-11-13T10:23:38Z" data-provider="data01" finished-at="2019-11-13T10:23:38Z">
          <params>
            <param index="0">
              <value>
                <![CDATA[AC/AN]]>
              </value>
            </param>
            <param index="1">
              <value>
                <![CDATA[1]]>
              </value>
            </param>
            <param index="2">
              <value>
                <![CDATA[1]]>
              </value>
            </param>
          </params>
          <reporter-output>
          </reporter-output>
        </test-method> <!-- testValid -->
        <test-method status="PASS" signature="test01(java.lang.String, int, int)[pri:0, instance:com.github.lindenb.jvarkit.util.vcf.AFExtractorFactoryTest@34033bd0]" name="test01" duration-ms="0" started-at="2019-11-13T10:23:38Z" data-provider="data01" finished-at="2019-11-13T10:23:38Z">
          <params>
            <param index="0">
              <value>
                <![CDATA[*;AC/AN]]>
              </value>
            </param>
            <param index="1">
              <value>
                <![CDATA[1]]>
              </value>
            </param>
            <param index="2">
              <value>
                <![CDATA[1]]>
              </value>
            </param>
          </params>
          <reporter-output>
          </reporter-output>
        </test-method> <!-- test01 -->
        <test-method status="PASS" signature="testValid(java.lang.String, int, int)[pri:0, instance:com.github.lindenb.jvarkit.util.vcf.AFExtractorFactoryTest@34033bd0]" name="testValid" duration-ms="19" started-at="2019-11-13T10:23:38Z" data-provider="data01" finished-at="2019-11-13T10:23:38Z">
          <params>
            <param index="0">
              <value>
                <![CDATA[AF]]>
              </value>
            </param>
            <param index="1">
              <value>
                <![CDATA[1]]>
              </value>
            </param>
            <param index="2">
              <value>
                <![CDATA[1]]>
              </value>
            </param>
          </params>
          <reporter-output>
          </reporter-output>
        </test-method> <!-- testValid -->
        <test-method status="PASS" signature="testValid(java.lang.String, int, int)[pri:0, instance:com.github.lindenb.jvarkit.util.vcf.AFExtractorFactoryTest@34033bd0]" name="testValid" duration-ms="15" started-at="2019-11-13T10:23:38Z" data-provider="data01" finished-at="2019-11-13T10:23:38Z">
          <params>
            <param index="0">
              <value>
                <![CDATA[x_*]]>
              </value>
            </param>
            <param index="1">
              <value>
                <![CDATA[1]]>
              </value>
            </param>
            <param index="2">
              <value>
                <![CDATA[0]]>
              </value>
            </param>
          </params>
          <reporter-output>
          </reporter-output>
        </test-method> <!-- testValid -->
        <test-method status="PASS" signature="testValid(java.lang.String, int, int)[pri:0, instance:com.github.lindenb.jvarkit.util.vcf.AFExtractorFactoryTest@34033bd0]" name="testValid" duration-ms="17" started-at="2019-11-13T10:23:38Z" data-provider="data01" finished-at="2019-11-13T10:23:38Z">
          <params>
            <param index="0">
              <value>
                <![CDATA[x_*;,,AC/AN;;AF,,,,]]>
              </value>
            </param>
            <param index="1">
              <value>
                <![CDATA[3]]>
              </value>
            </param>
            <param index="2">
              <value>
                <![CDATA[2]]>
              </value>
            </param>
          </params>
          <reporter-output>
          </reporter-output>
        </test-method> <!-- testValid -->
        <test-method status="PASS" signature="testValid(java.lang.String, int, int)[pri:0, instance:com.github.lindenb.jvarkit.util.vcf.AFExtractorFactoryTest@34033bd0]" name="testValid" duration-ms="10" started-at="2019-11-13T10:23:38Z" data-provider="data01" finished-at="2019-11-13T10:23:38Z">
          <params>
            <param index="0">
              <value>
                <![CDATA[]]>
              </value>
            </param>
            <param index="1">
              <value>
                <![CDATA[0]]>
              </value>
            </param>
            <param index="2">
              <value>
                <![CDATA[0]]>
              </value>
            </param>
          </params>
          <reporter-output>
          </reporter-output>
        </test-method> <!-- testValid -->
        <test-method status="PASS" signature="testValid(java.lang.String, int, int)[pri:0, instance:com.github.lindenb.jvarkit.util.vcf.AFExtractorFactoryTest@34033bd0]" name="testValid" duration-ms="8" started-at="2019-11-13T10:23:38Z" data-provider="data01" finished-at="2019-11-13T10:23:38Z">
          <params>
            <param index="0">
              <value>
                <![CDATA[;,,,;]]>
              </value>
            </param>
            <param index="1">
              <value>
                <![CDATA[0]]>
              </value>
            </param>
            <param index="2">
              <value>
                <![CDATA[0]]>
              </value>
            </param>
          </params>
          <reporter-output>
          </reporter-output>
        </test-method> <!-- testValid -->
        <test-method status="PASS" signature="testValid(java.lang.String, int, int)[pri:0, instance:com.github.lindenb.jvarkit.util.vcf.AFExtractorFactoryTest@34033bd0]" name="testValid" duration-ms="10" started-at="2019-11-13T10:23:38Z" data-provider="data01" finished-at="2019-11-13T10:23:38Z">
          <params>
            <param index="0">
              <value>
                <![CDATA[*;AC/AN]]>
              </value>
            </param>
            <param index="1">
              <value>
                <![CDATA[1]]>
              </value>
            </param>
            <param index="2">
              <value>
                <![CDATA[1]]>
              </value>
            </param>
          </params>
          <reporter-output>
          </reporter-output>
        </test-method> <!-- testValid -->
      </class> <!-- com.github.lindenb.jvarkit.util.vcf.AFExtractorFactoryTest -->
      <class name="com.github.lindenb.jvarkit.tools.sam2tsv.Sam2TsvTest">
        <test-method status="PASS" signature="test01(java.lang.String, java.lang.String)[pri:0, instance:com.github.lindenb.jvarkit.tools.sam2tsv.Sam2TsvTest@61a52fbd]" name="test01" duration-ms="129" started-at="2019-11-13T10:23:39Z" data-provider="src1" finished-at="2019-11-13T10:23:39Z">
          <params>
            <param index="0">
              <value>
                <![CDATA[./src/test/resources/toy.bam]]>
              </value>
            </param>
            <param index="1">
              <value>
                <![CDATA[./src/test/resources/toy.fa]]>
              </value>
            </param>
          </params>
          <reporter-output>
          </reporter-output>
        </test-method> <!-- test01 -->
        <test-method status="PASS" signature="test01(java.lang.String, java.lang.String)[pri:0, instance:com.github.lindenb.jvarkit.tools.sam2tsv.Sam2TsvTest@61a52fbd]" name="test01" duration-ms="817" started-at="2019-11-13T10:23:39Z" data-provider="src1" finished-at="2019-11-13T10:23:40Z">
          <params>
            <param index="0">
              <value>
                <![CDATA[./src/test/resources/S1.bam]]>
              </value>
            </param>
            <param index="1">
              <value>
                <![CDATA[./src/test/resources/rotavirus_rf.fa]]>
              </value>
            </param>
          </params>
          <reporter-output>
          </reporter-output>
        </test-method> <!-- test01 -->
      </class> <!-- com.github.lindenb.jvarkit.tools.sam2tsv.Sam2TsvTest -->
      <class name="com.github.lindenb.jvarkit.lang.DelegateCharSequenceTest">
        <test-method status="PASS" signature="testCharSeq()[pri:0, instance:com.github.lindenb.jvarkit.lang.DelegateCharSequenceTest@1ae369b7]" name="testCharSeq" duration-ms="1" started-at="2019-11-13T10:23:40Z" finished-at="2019-11-13T10:23:40Z">
          <reporter-output>
          </reporter-output>
        </test-method> <!-- testCharSeq -->
      </class> <!-- com.github.lindenb.jvarkit.lang.DelegateCharSequenceTest -->
      <class name="com.github.lindenb.jvarkit.util.log.ProgressFactoryTest">
        <test-method status="PASS" signature="test01()[pri:0, instance:com.github.lindenb.jvarkit.util.log.ProgressFactoryTest@591f989e]" name="test01" duration-ms="47" started-at="2019-11-13T10:23:39Z" finished-at="2019-11-13T10:23:39Z">
          <reporter-output>
          </reporter-output>
        </test-method> <!-- test01 -->
        <test-method status="PASS" signature="test02()[pri:0, instance:com.github.lindenb.jvarkit.util.log.ProgressFactoryTest@591f989e]" name="test02" duration-ms="9" started-at="2019-11-13T10:23:39Z" finished-at="2019-11-13T10:23:39Z">
          <reporter-output>
          </reporter-output>
        </test-method> <!-- test02 -->
        <test-method status="PASS" signature="testBam01(java.lang.String)[pri:0, instance:com.github.lindenb.jvarkit.util.log.ProgressFactoryTest@591f989e]" name="testBam01" duration-ms="136" started-at="2019-11-13T10:23:39Z" data-provider="src1" finished-at="2019-11-13T10:23:39Z">
          <params>
            <param index="0">
              <value>
                <![CDATA[./src/test/resources/FAB23716.nanopore.bam]]>
              </value>
            </param>
          </params>
          <reporter-output>
          </reporter-output>
        </test-method> <!-- testBam01 -->
        <test-method status="PASS" signature="testBam01(java.lang.String)[pri:0, instance:com.github.lindenb.jvarkit.util.log.ProgressFactoryTest@591f989e]" name="testBam01" duration-ms="34" started-at="2019-11-13T10:23:39Z" data-provider="src1" finished-at="2019-11-13T10:23:39Z">
          <params>
            <param index="0">
              <value>
                <![CDATA[./src/test/resources/HG02260.transloc.chr9.14.bam]]>
              </value>
            </param>
          </params>
          <reporter-output>
          </reporter-output>
        </test-method> <!-- testBam01 -->
        <test-method status="PASS" signature="testBam01(java.lang.String)[pri:0, instance:com.github.lindenb.jvarkit.util.log.ProgressFactoryTest@591f989e]" name="testBam01" duration-ms="40" started-at="2019-11-13T10:23:39Z" data-provider="src1" finished-at="2019-11-13T10:23:39Z">
          <params>
            <param index="0">
              <value>
                <![CDATA[./src/test/resources/S1.bam]]>
              </value>
            </param>
          </params>
          <reporter-output>
          </reporter-output>
        </test-method> <!-- testBam01 -->
        <test-method status="PASS" signature="testBam01(java.lang.String)[pri:0, instance:com.github.lindenb.jvarkit.util.log.ProgressFactoryTest@591f989e]" name="testBam01" duration-ms="26" started-at="2019-11-13T10:23:39Z" data-provider="src1" finished-at="2019-11-13T10:23:39Z">
          <params>
            <param index="0">
              <value>
                <![CDATA[./src/test/resources/S2.bam]]>
              </value>
            </param>
          </params>
          <reporter-output>
          </reporter-output>
        </test-method> <!-- testBam01 -->
        <test-method status="PASS" signature="testBam01(java.lang.String)[pri:0, instance:com.github.lindenb.jvarkit.util.log.ProgressFactoryTest@591f989e]" name="testBam01" duration-ms="20" started-at="2019-11-13T10:23:39Z" data-provider="src1" finished-at="2019-11-13T10:23:39Z">
          <params>
            <param index="0">
              <value>
                <![CDATA[./src/test/resources/S3.bam]]>
              </value>
            </param>
          </params>
          <reporter-output>
          </reporter-output>
        </test-method> <!-- testBam01 -->
        <test-method status="PASS" signature="testBam01(java.lang.String)[pri:0, instance:com.github.lindenb.jvarkit.util.log.ProgressFactoryTest@591f989e]" name="testBam01" duration-ms="23" started-at="2019-11-13T10:23:39Z" data-provider="src1" finished-at="2019-11-13T10:23:39Z">
          <params>
            <param index="0">
              <value>
                <![CDATA[./src/test/resources/S4.bam]]>
              </value>
            </param>
          </params>
          <reporter-output>
          </reporter-output>
        </test-method> <!-- testBam01 -->
        <test-method status="PASS" signature="testBam01(java.lang.String)[pri:0, instance:com.github.lindenb.jvarkit.util.log.ProgressFactoryTest@591f989e]" name="testBam01" duration-ms="18" started-at="2019-11-13T10:23:39Z" data-provider="src1" finished-at="2019-11-13T10:23:39Z">
          <params>
            <param index="0">
              <value>
                <![CDATA[./src/test/resources/S5.bam]]>
              </value>
            </param>
          </params>
          <reporter-output>
          </reporter-output>
        </test-method> <!-- testBam01 -->
        <test-method status="PASS" signature="testBam01(java.lang.String)[pri:0, instance:com.github.lindenb.jvarkit.util.log.ProgressFactoryTest@591f989e]" name="testBam01" duration-ms="6" started-at="2019-11-13T10:23:39Z" data-provider="src1" finished-at="2019-11-13T10:23:39Z">
          <params>
            <param index="0">
              <value>
                <![CDATA[./src/test/resources/toy.bam]]>
              </value>
            </param>
          </params>
          <reporter-output>
          </reporter-output>
        </test-method> <!-- testBam01 -->
        <test-method status="PASS" signature="testBam01(java.lang.String)[pri:0, instance:com.github.lindenb.jvarkit.util.log.ProgressFactoryTest@591f989e]" name="testBam01" duration-ms="6" started-at="2019-11-13T10:23:39Z" data-provider="src1" finished-at="2019-11-13T10:23:39Z">
          <params>
            <param index="0">
              <value>
                <![CDATA[./src/test/resources/toy.sam]]>
              </value>
            </param>
          </params>
          <reporter-output>
          </reporter-output>
        </test-method> <!-- testBam01 -->
      </class> <!-- com.github.lindenb.jvarkit.util.log.ProgressFactoryTest -->
      <class name="com.github.lindenb.jvarkit.io.IOUtilsTest">
        <test-method status="PASS" signature="testCompressed()[pri:0, instance:com.github.lindenb.jvarkit.io.IOUtilsTest@47fd17e3]" name="testCompressed" duration-ms="9" started-at="2019-11-13T10:23:38Z" finished-at="2019-11-13T10:23:38Z">
          <reporter-output>
          </reporter-output>
        </test-method> <!-- testCompressed -->
        <test-method status="PASS" signature="testFileSuffix()[pri:0, instance:com.github.lindenb.jvarkit.io.IOUtilsTest@47fd17e3]" name="testFileSuffix" duration-ms="1" started-at="2019-11-13T10:23:38Z" finished-at="2019-11-13T10:23:38Z">
          <reporter-output>
          </reporter-output>
        </test-method> <!-- testFileSuffix -->
        <test-method status="PASS" signature="testRemoteInputStream()[pri:0, instance:com.github.lindenb.jvarkit.io.IOUtilsTest@47fd17e3]" name="testRemoteInputStream" duration-ms="565" started-at="2019-11-13T10:23:38Z" finished-at="2019-11-13T10:23:38Z">
          <reporter-output>
          </reporter-output>
        </test-method> <!-- testRemoteInputStream -->
        <test-method status="PASS" signature="testRemoteReader()[pri:0, instance:com.github.lindenb.jvarkit.io.IOUtilsTest@47fd17e3]" name="testRemoteReader" duration-ms="238" started-at="2019-11-13T10:23:38Z" finished-at="2019-11-13T10:23:39Z">
          <reporter-output>
          </reporter-output>
        </test-method> <!-- testRemoteReader -->
        <test-method status="PASS" signature="testWrite()[pri:0, instance:com.github.lindenb.jvarkit.io.IOUtilsTest@47fd17e3]" name="testWrite" duration-ms="50" started-at="2019-11-13T10:23:39Z" finished-at="2019-11-13T10:23:39Z">
          <reporter-output>
          </reporter-output>
        </test-method> <!-- testWrite -->
      </class> <!-- com.github.lindenb.jvarkit.io.IOUtilsTest -->
      <class name="com.github.lindenb.jvarkit.util.iterator.EqualRangeIteratorTest">
        <test-method status="PASS" signature="test1()[pri:0, instance:com.github.lindenb.jvarkit.util.iterator.EqualRangeIteratorTest@233c0b17]" name="test1" duration-ms="3" started-at="2019-11-13T10:23:40Z" finished-at="2019-11-13T10:23:40Z">
          <reporter-output>
          </reporter-output>
        </test-method> <!-- test1 -->
        <test-method status="PASS" signature="test2()[pri:0, instance:com.github.lindenb.jvarkit.util.iterator.EqualRangeIteratorTest@233c0b17]" name="test2" duration-ms="1" started-at="2019-11-13T10:23:40Z" finished-at="2019-11-13T10:23:40Z">
          <reporter-output>
          </reporter-output>
        </test-method> <!-- test2 -->
        <test-method status="PASS" signature="test3()[pri:0, instance:com.github.lindenb.jvarkit.util.iterator.EqualRangeIteratorTest@233c0b17]" name="test3" duration-ms="0" started-at="2019-11-13T10:23:40Z" finished-at="2019-11-13T10:23:40Z">
          <exception class="java.lang.IllegalStateException">
            <message>
              <![CDATA[got 10 after 100]]>
            </message>
            <full-stacktrace>
              <![CDATA[java.lang.IllegalStateException: got 10 after 100
at com.github.lindenb.jvarkit.util.iterator.EqualRangeIterator.advance(EqualRangeIterator.java:115)
at com.github.lindenb.jvarkit.util.iterator.EqualRangeIterator.advance(EqualRangeIterator.java:39)
at htsjdk.samtools.util.AbstractIterator.hasNext(AbstractIterator.java:44)
at htsjdk.samtools.util.AbstractIterator.next(AbstractIterator.java:52)
at com.github.lindenb.jvarkit.util.iterator.EqualRangeIteratorTest.test3(EqualRangeIteratorTest.java:52)
at sun.reflect.NativeMethodAccessorImpl.invoke0(Native Method)
at sun.reflect.NativeMethodAccessorImpl.invoke(NativeMethodAccessorImpl.java:62)
at sun.reflect.DelegatingMethodAccessorImpl.invoke(DelegatingMethodAccessorImpl.java:43)
at java.lang.reflect.Method.invoke(Method.java:498)
at org.testng.internal.MethodInvocationHelper.invokeMethod(MethodInvocationHelper.java:124)
at org.testng.internal.Invoker.invokeMethod(Invoker.java:583)
at org.testng.internal.Invoker.invokeTestMethod(Invoker.java:719)
at org.testng.internal.Invoker.invokeTestMethods(Invoker.java:989)
at org.testng.internal.TestMethodWorker.invokeTestMethods(TestMethodWorker.java:125)
at org.testng.internal.TestMethodWorker.run(TestMethodWorker.java:109)
at org.testng.TestRunner.privateRun(TestRunner.java:648)
at org.testng.TestRunner.run(TestRunner.java:505)
at org.testng.SuiteRunner.runTest(SuiteRunner.java:455)
at org.testng.SuiteRunner.runSequentially(SuiteRunner.java:450)
at org.testng.SuiteRunner.privateRun(SuiteRunner.java:415)
at org.testng.SuiteRunner.run(SuiteRunner.java:364)
at org.testng.SuiteRunnerWorker.runSuite(SuiteRunnerWorker.java:52)
at org.testng.SuiteRunnerWorker.run(SuiteRunnerWorker.java:84)
at org.testng.TestNG.runSuitesSequentially(TestNG.java:1208)
at org.testng.TestNG.runSuitesLocally(TestNG.java:1137)
at org.testng.TestNG.runSuites(TestNG.java:1049)
at org.testng.TestNG.run(TestNG.java:1017)
at com.github.lindenb.jvarkit.tools.tests.MiniTestNG.doWork(MiniTestNG.java:76)
at com.github.lindenb.jvarkit.tools.tests.MiniTestNG.main(MiniTestNG.java:86)
]]>
            </full-stacktrace>
          </exception> <!-- java.lang.IllegalStateException -->
          <reporter-output>
          </reporter-output>
        </test-method> <!-- test3 -->
        <test-method status="PASS" signature="testNextTarget()[pri:0, instance:com.github.lindenb.jvarkit.util.iterator.EqualRangeIteratorTest@233c0b17]" name="testNextTarget" duration-ms="1" started-at="2019-11-13T10:23:40Z" finished-at="2019-11-13T10:23:40Z">
          <reporter-output>
          </reporter-output>
        </test-method> <!-- testNextTarget -->
      </class> <!-- com.github.lindenb.jvarkit.util.iterator.EqualRangeIteratorTest -->
      <class name="com.github.lindenb.jvarkit.lang.SmartComparatorTest">
        <test-method status="PASS" signature="testEQ(java.lang.String, java.lang.String)[pri:0, instance:com.github.lindenb.jvarkit.lang.SmartComparatorTest@7cdbc5d3]" name="testEQ" duration-ms="3" started-at="2019-11-13T10:23:39Z" data-provider="t1" finished-at="2019-11-13T10:23:39Z">
          <params>
            <param index="0">
              <value>
                <![CDATA[T00000000000001]]>
              </value>
            </param>
            <param index="1">
              <value>
                <![CDATA[T1]]>
              </value>
            </param>
          </params>
          <reporter-output>
          </reporter-output>
        </test-method> <!-- testEQ -->
        <test-method status="PASS" signature="testGE(java.lang.String, java.lang.String)[pri:0, instance:com.github.lindenb.jvarkit.lang.SmartComparatorTest@7cdbc5d3]" name="testGE" duration-ms="0" started-at="2019-11-13T10:23:39Z" data-provider="t0" finished-at="2019-11-13T10:23:39Z">
          <params>
            <param index="0">
              <value>
                <![CDATA[1t]]>
              </value>
            </param>
            <param index="1">
              <value>
                <![CDATA[00002T]]>
              </value>
            </param>
          </params>
          <reporter-output>
          </reporter-output>
        </test-method> <!-- testGE -->
        <test-method status="PASS" signature="testGE(java.lang.String, java.lang.String)[pri:0, instance:com.github.lindenb.jvarkit.lang.SmartComparatorTest@7cdbc5d3]" name="testGE" duration-ms="0" started-at="2019-11-13T10:23:39Z" data-provider="t0" finished-at="2019-11-13T10:23:39Z">
          <params>
            <param index="0">
              <value>
                <![CDATA[ABC]]>
              </value>
            </param>
            <param index="1">
              <value>
                <![CDATA[bcd]]>
              </value>
            </param>
          </params>
          <reporter-output>
          </reporter-output>
        </test-method> <!-- testGE -->
        <test-method status="PASS" signature="testGE(java.lang.String, java.lang.String)[pri:0, instance:com.github.lindenb.jvarkit.lang.SmartComparatorTest@7cdbc5d3]" name="testGE" duration-ms="1" started-at="2019-11-13T10:23:39Z" data-provider="t0" finished-at="2019-11-13T10:23:39Z">
          <params>
            <param index="0">
              <value>
                <![CDATA[1]]>
              </value>
            </param>
            <param index="1">
              <value>
                <![CDATA[00009999999999999999999999999999999999999999999999999999999999]]>
              </value>
            </param>
          </params>
          <reporter-output>
          </reporter-output>
        </test-method> <!-- testGE -->
        <test-method status="PASS" signature="testEQ(java.lang.String, java.lang.String)[pri:0, instance:com.github.lindenb.jvarkit.lang.SmartComparatorTest@7cdbc5d3]" name="testEQ" duration-ms="0" started-at="2019-11-13T10:23:39Z" data-provider="t1" finished-at="2019-11-13T10:23:39Z">
          <params>
            <param index="0">
              <value>
                <![CDATA[00000000000001t]]>
              </value>
            </param>
            <param index="1">
              <value>
                <![CDATA[1T]]>
              </value>
            </param>
          </params>
          <reporter-output>
          </reporter-output>
        </test-method> <!-- testEQ -->
        <test-method status="PASS" signature="testGE(java.lang.String, java.lang.String)[pri:0, instance:com.github.lindenb.jvarkit.lang.SmartComparatorTest@7cdbc5d3]" name="testGE" duration-ms="0" started-at="2019-11-13T10:23:39Z" data-provider="t0" finished-at="2019-11-13T10:23:39Z">
          <params>
            <param index="0">
              <value>
                <![CDATA[T001]]>
              </value>
            </param>
            <param index="1">
              <value>
                <![CDATA[t02]]>
              </value>
            </param>
          </params>
          <reporter-output>
          </reporter-output>
        </test-method> <!-- testGE -->
        <test-method status="PASS" signature="testLT(java.lang.String, java.lang.String)[pri:0, instance:com.github.lindenb.jvarkit.lang.SmartComparatorTest@7cdbc5d3]" name="testLT" duration-ms="0" started-at="2019-11-13T10:23:39Z" data-provider="t0" finished-at="2019-11-13T10:23:39Z">
          <params>
            <param index="0">
              <value>
                <![CDATA[1]]>
              </value>
            </param>
            <param index="1">
              <value>
                <![CDATA[00009999999999999999999999999999999999999999999999999999999999]]>
              </value>
            </param>
          </params>
          <reporter-output>
          </reporter-output>
        </test-method> <!-- testLT -->
        <test-method status="PASS" signature="testLT(java.lang.String, java.lang.String)[pri:0, instance:com.github.lindenb.jvarkit.lang.SmartComparatorTest@7cdbc5d3]" name="testLT" duration-ms="0" started-at="2019-11-13T10:23:39Z" data-provider="t0" finished-at="2019-11-13T10:23:39Z">
          <params>
            <param index="0">
              <value>
                <![CDATA[ABC]]>
              </value>
            </param>
            <param index="1">
              <value>
                <![CDATA[bcd]]>
              </value>
            </param>
          </params>
          <reporter-output>
          </reporter-output>
        </test-method> <!-- testLT -->
        <test-method status="PASS" signature="testLT(java.lang.String, java.lang.String)[pri:0, instance:com.github.lindenb.jvarkit.lang.SmartComparatorTest@7cdbc5d3]" name="testLT" duration-ms="0" started-at="2019-11-13T10:23:39Z" data-provider="t0" finished-at="2019-11-13T10:23:39Z">
          <params>
            <param index="0">
              <value>
                <![CDATA[1t]]>
              </value>
            </param>
            <param index="1">
              <value>
                <![CDATA[00002T]]>
              </value>
            </param>
          </params>
          <reporter-output>
          </reporter-output>
        </test-method> <!-- testLT -->
        <test-method status="PASS" signature="testLT(java.lang.String, java.lang.String)[pri:0, instance:com.github.lindenb.jvarkit.lang.SmartComparatorTest@7cdbc5d3]" name="testLT" duration-ms="0" started-at="2019-11-13T10:23:39Z" data-provider="t0" finished-at="2019-11-13T10:23:39Z">
          <params>
            <param index="0">
              <value>
                <![CDATA[T001]]>
              </value>
            </param>
            <param index="1">
              <value>
                <![CDATA[t02]]>
              </value>
            </param>
          </params>
          <reporter-output>
          </reporter-output>
        </test-method> <!-- testLT -->
      </class> <!-- com.github.lindenb.jvarkit.lang.SmartComparatorTest -->
      <class name="com.github.lindenb.jvarkit.util.bio.fasta.ContigNameConverterTest">
        <test-method status="PASS" signature="testFromOneDictionary()[pri:0, instance:com.github.lindenb.jvarkit.util.bio.fasta.ContigNameConverterTest@6fffcba5]" name="testFromOneDictionary" duration-ms="3" started-at="2019-11-13T10:23:40Z" finished-at="2019-11-13T10:23:40Z">
          <reporter-output>
          </reporter-output>
        </test-method> <!-- testFromOneDictionary -->
      </class> <!-- com.github.lindenb.jvarkit.util.bio.fasta.ContigNameConverterTest -->
      <class name="com.github.lindenb.jvarkit.util.bio.bed.BedLineCodecTest">
        <test-method status="PASS" signature="test()[pri:0, instance:com.github.lindenb.jvarkit.util.bio.bed.BedLineCodecTest@34340fab]" name="test" duration-ms="0" started-at="2019-11-13T10:23:40Z" finished-at="2019-11-13T10:23:40Z">
          <reporter-output>
          </reporter-output>
        </test-method> <!-- test -->
      </class> <!-- com.github.lindenb.jvarkit.util.bio.bed.BedLineCodecTest -->
      <class name="com.github.lindenb.jvarkit.util.vcf.VCFUtilsTest">
        <test-method status="PASS" signature="test01(java.lang.String)[pri:0, instance:com.github.lindenb.jvarkit.util.vcf.VCFUtilsTest@3ab39c39]" name="test01" duration-ms="4" started-at="2019-11-13T10:23:40Z" data-provider="src01" finished-at="2019-11-13T10:23:40Z">
          <params>
            <param index="0">
              <value>
                <![CDATA[##fileformat=VCFv4.2
#CHROMPOSIDREFALTQUALFILTERINFOFORMATS1S2
]]>
              </value>
            </param>
          </params>
          <reporter-output>
          </reporter-output>
        </test-method> <!-- test01 -->
        <test-method status="PASS" signature="test02(java.lang.String)[pri:0, instance:com.github.lindenb.jvarkit.util.vcf.VCFUtilsTest@3ab39c39]" name="test02" duration-ms="1" started-at="2019-11-13T10:23:40Z" data-provider="src01" finished-at="2019-11-13T10:23:40Z">
          <params>
            <param index="0">
              <value>
                <![CDATA[##fileformat=VCFv4.2
#CHROMPOSIDREFALTQUALFILTERINFOFORMATS1S2
]]>
              </value>
            </param>
          </params>
          <reporter-output>
          </reporter-output>
        </test-method> <!-- test02 -->
        <test-method status="PASS" signature="testIsAVcf()[pri:0, instance:com.github.lindenb.jvarkit.util.vcf.VCFUtilsTest@3ab39c39]" name="testIsAVcf" duration-ms="2" started-at="2019-11-13T10:23:40Z" finished-at="2019-11-13T10:23:40Z">
          <reporter-output>
          </reporter-output>
        </test-method> <!-- testIsAVcf -->
        <test-method status="PASS" signature="test03(java.lang.String)[pri:0, instance:com.github.lindenb.jvarkit.util.vcf.VCFUtilsTest@3ab39c39]" name="test03" duration-ms="0" started-at="2019-11-13T10:23:40Z" data-provider="src01" finished-at="2019-11-13T10:23:40Z">
          <params>
            <param index="0">
              <value>
                <![CDATA[##fileformat=VCFv4.2
#CHROMPOSIDREFALTQUALFILTERINFOFORMATS1S2
]]>
              </value>
            </param>
          </params>
          <reporter-output>
          </reporter-output>
        </test-method> <!-- test03 -->
      </class> <!-- com.github.lindenb.jvarkit.util.vcf.VCFUtilsTest -->
    </test> <!-- Command line test -->
  </suite> <!-- Command line suite -->
</testng-results>
