<?xml version="1.0" encoding="UTF-8"?>
<testng-results skipped="0" failed="0" ignored="0" total="6" passed="6">
  <reporter-output>
  </reporter-output>
  <suite name="Command line suite" duration-ms="5309" started-at="2020-01-13T12:06:37Z" finished-at="2020-01-13T12:06:43Z">
    <groups>
    </groups>
    <test name="Command line test" duration-ms="5309" started-at="2020-01-13T12:06:37Z" finished-at="2020-01-13T12:06:43Z">
      <class name="com.github.lindenb.jvarkit.tools.bam2graphics.Bam2RasterTest">
        <test-method status="PASS" signature="test01(java.lang.String)[pri:0, instance:com.github.lindenb.jvarkit.tools.bam2graphics.Bam2RasterTest@45c8e616]" name="test01" duration-ms="2633" started-at="2020-01-13T12:06:37Z" data-provider="rf_regions" finished-at="2020-01-13T12:06:40Z">
          <params>
            <param index="0">
              <value>
                <![CDATA[RF01:1-100]]>
              </value>
            </param>
          </params>
          <reporter-output>
          </reporter-output>
        </test-method> <!-- test01 -->
        <test-method status="PASS" signature="test01(java.lang.String)[pri:0, instance:com.github.lindenb.jvarkit.tools.bam2graphics.Bam2RasterTest@45c8e616]" name="test01" duration-ms="502" started-at="2020-01-13T12:06:40Z" data-provider="rf_regions" finished-at="2020-01-13T12:06:40Z">
          <params>
            <param index="0">
              <value>
                <![CDATA[RF02:1-100]]>
              </value>
            </param>
          </params>
          <reporter-output>
          </reporter-output>
        </test-method> <!-- test01 -->
        <test-method status="PASS" signature="test01(java.lang.String)[pri:0, instance:com.github.lindenb.jvarkit.tools.bam2graphics.Bam2RasterTest@45c8e616]" name="test01" duration-ms="256" started-at="2020-01-13T12:06:40Z" data-provider="rf_regions" finished-at="2020-01-13T12:06:41Z">
          <params>
            <param index="0">
              <value>
                <![CDATA[RF03:1-100]]>
              </value>
            </param>
          </params>
          <reporter-output>
          </reporter-output>
        </test-method> <!-- test01 -->
        <test-method status="PASS" signature="testZip(java.lang.String)[pri:0, instance:com.github.lindenb.jvarkit.tools.bam2graphics.Bam2RasterTest@45c8e616]" name="testZip" duration-ms="337" started-at="2020-01-13T12:06:41Z" data-provider="rf_regions" finished-at="2020-01-13T12:06:41Z">
          <params>
            <param index="0">
              <value>
                <![CDATA[RF01:1-100]]>
              </value>
            </param>
          </params>
          <reporter-output>
          </reporter-output>
        </test-method> <!-- testZip -->
        <test-method status="PASS" signature="testZip(java.lang.String)[pri:0, instance:com.github.lindenb.jvarkit.tools.bam2graphics.Bam2RasterTest@45c8e616]" name="testZip" duration-ms="318" started-at="2020-01-13T12:06:41Z" data-provider="rf_regions" finished-at="2020-01-13T12:06:41Z">
          <params>
            <param index="0">
              <value>
                <![CDATA[RF02:1-100]]>
              </value>
            </param>
          </params>
          <reporter-output>
          </reporter-output>
        </test-method> <!-- testZip -->
        <test-method status="PASS" signature="testZip(java.lang.String)[pri:0, instance:com.github.lindenb.jvarkit.tools.bam2graphics.Bam2RasterTest@45c8e616]" name="testZip" duration-ms="1233" started-at="2020-01-13T12:06:41Z" data-provider="rf_regions" finished-at="2020-01-13T12:06:43Z">
          <params>
            <param index="0">
              <value>
                <![CDATA[RF03:1-100]]>
              </value>
            </param>
          </params>
          <reporter-output>
          </reporter-output>
        </test-method> <!-- testZip -->
      </class> <!-- com.github.lindenb.jvarkit.tools.bam2graphics.Bam2RasterTest -->
    </test> <!-- Command line test -->
  </suite> <!-- Command line suite -->
</testng-results>
